Using pre-set license
Built from '2021.3/staging' branch; Version is '2021.3.4f1 (cb45f9cae8b7) revision 13321721'; Using compiler version '192829333'; Build Type 'Release'
OS: 'Windows 11  (10.0.22000) 64bit CoreSingleLanguage' Language: 'ru' Physical Memory: 16133 MB
BatchMode: 1, IsHumanControllingUs: 0, StartBugReporterOnCrash: 0, Is64bit: 1, IsPro: 1

COMMAND LINE ARGUMENTS:
C:\Program Files\Unity\Hub\Editor\2021.3.4f1\Editor\Unity.exe
-adb2
-batchMode
-noUpm
-name
AssetImportWorker0
-projectPath
C:/Users/HP/Desktop/Учеба/summer/protect-castle
-logFile
Logs/AssetImportWorker0.log
-srvPort
64194
Successfully changed project path to: C:/Users/HP/Desktop/Учеба/summer/protect-castle
C:/Users/HP/Desktop/Учеба/summer/protect-castle
[UnityMemory] Configuration Parameters - Can be set up in boot.config
    "memorysetup-bucket-allocator-granularity=16"
    "memorysetup-bucket-allocator-bucket-count=8"
    "memorysetup-bucket-allocator-block-size=33554432"
    "memorysetup-bucket-allocator-block-count=8"
    "memorysetup-main-allocator-block-size=16777216"
    "memorysetup-thread-allocator-block-size=16777216"
    "memorysetup-gfx-main-allocator-block-size=16777216"
    "memorysetup-gfx-thread-allocator-block-size=16777216"
    "memorysetup-cache-allocator-block-size=4194304"
    "memorysetup-typetree-allocator-block-size=2097152"
    "memorysetup-profiler-bucket-allocator-granularity=16"
    "memorysetup-profiler-bucket-allocator-bucket-count=8"
    "memorysetup-profiler-bucket-allocator-block-size=33554432"
    "memorysetup-profiler-bucket-allocator-block-count=8"
    "memorysetup-profiler-allocator-block-size=16777216"
    "memorysetup-profiler-editor-allocator-block-size=1048576"
    "memorysetup-temp-allocator-size-main=16777216"
    "memorysetup-job-temp-allocator-block-size=2097152"
    "memorysetup-job-temp-allocator-block-size-background=1048576"
    "memorysetup-job-temp-allocator-reduction-small-platforms=262144"
    "memorysetup-temp-allocator-size-background-worker=32768"
    "memorysetup-temp-allocator-size-job-worker=262144"
    "memorysetup-temp-allocator-size-preload-manager=33554432"
    "memorysetup-temp-allocator-size-nav-mesh-worker=65536"
    "memorysetup-temp-allocator-size-audio-worker=65536"
    "memorysetup-temp-allocator-size-cloud-worker=32768"
    "memorysetup-temp-allocator-size-gi-baking-worker=262144"
    "memorysetup-temp-allocator-size-gfx=262144"
Refreshing native plugins compatible for Editor in 90.18 ms, found 3 plugins.
Preloading 0 native plugins for Editor in 0.00 ms.
Initialize engine version: 2021.3.4f1 (cb45f9cae8b7)
[Subsystems] Discovering subsystems at path C:/Program Files/Unity/Hub/Editor/2021.3.4f1/Editor/Data/Resources/UnitySubsystems
[Subsystems] Discovering subsystems at path C:/Users/HP/Desktop/Учеба/summer/protect-castle/Assets
GfxDevice: creating device client; threaded=0; jobified=0
Direct3D:
    Version:  Direct3D 11.0 [level 11.1]
    Renderer: NVIDIA GeForce GTX 1650 Ti with Max-Q Design (ID=0x1f95)
    Vendor:   NVIDIA
    VRAM:     3964 MB
    Driver:   30.0.15.1179
Initialize mono
Mono path[0] = 'C:/Program Files/Unity/Hub/Editor/2021.3.4f1/Editor/Data/Managed'
Mono path[1] = 'C:/Program Files/Unity/Hub/Editor/2021.3.4f1/Editor/Data/MonoBleedingEdge/lib/mono/unityjit-win32'
Mono config path = 'C:/Program Files/Unity/Hub/Editor/2021.3.4f1/Editor/Data/MonoBleedingEdge/etc'
Using monoOptions --debugger-agent=transport=dt_socket,embedding=1,server=y,suspend=n,address=127.0.0.1:56768
Begin MonoManager ReloadAssembly
Registering precompiled unity dll's ...
Register platform support module: C:/Program Files/Unity/Hub/Editor/2021.3.4f1/Editor/Data/PlaybackEngines/WebGLSupport/UnityEditor.WebGL.Extensions.dll
Register platform support module: C:/Program Files/Unity/Hub/Editor/2021.3.4f1/Editor/Data/PlaybackEngines/WindowsStandaloneSupport/UnityEditor.WindowsStandalone.Extensions.dll
Registered in 0.004193 seconds.
Native extension for WindowsStandalone target not found
Native extension for WebGL target not found
Refreshing native plugins compatible for Editor in 88.40 ms, found 3 plugins.
Preloading 0 native plugins for Editor in 0.00 ms.
Mono: successfully reloaded assembly
- Completed reload, in  0.678 seconds
Domain Reload Profiling:
	ReloadAssembly (678ms)
		BeginReloadAssembly (71ms)
			ExecutionOrderSort (0ms)
			DisableScriptedObjects (0ms)
			BackupInstance (0ms)
			ReleaseScriptingObjects (0ms)
			CreateAndSetChildDomain (1ms)
		EndReloadAssembly (495ms)
			LoadAssemblies (70ms)
			RebuildTransferFunctionScriptingTraits (0ms)
			SetupTypeCache (102ms)
			ReleaseScriptCaches (0ms)
			RebuildScriptCaches (37ms)
			SetupLoadedEditorAssemblies (297ms)
				LogAssemblyErrors (0ms)
				InitializePlatformSupportModulesInManaged (10ms)
				SetLoadedEditorAssemblies (0ms)
				RefreshPlugins (88ms)
				BeforeProcessingInitializeOnLoad (2ms)
				ProcessInitializeOnLoadAttributes (141ms)
				ProcessInitializeOnLoadMethodAttributes (56ms)
				AfterProcessingInitializeOnLoad (0ms)
				EditorAssembliesLoaded (0ms)
			ExecutionOrderSort2 (0ms)
			AwakeInstancesAfterBackupRestoration (0ms)
Platform modules already initialized, skipping
Registering precompiled user dll's ...
Registered in 0.005994 seconds.
Begin MonoManager ReloadAssembly
Symbol file LoadedFromMemory doesn't match image C:\Users\HP\Desktop\Учеба\summer\protect-castle\Library\PackageCache\com.unity.visualscripting@1.7.8\Editor\VisualScripting.Core\Dependencies\YamlDotNet\Unity.VisualScripting.YamlDotNet.dll
Symbol file LoadedFromMemory doesn't match image C:\Users\HP\Desktop\Учеба\summer\protect-castle\Library\PackageCache\com.unity.visualscripting@1.7.8\Editor\VisualScripting.Core\Dependencies\DotNetZip\Unity.VisualScripting.IonicZip.dll
Native extension for WindowsStandalone target not found
Native extension for WebGL target not found
Refreshing native plugins compatible for Editor in 0.83 ms, found 3 plugins.
Preloading 0 native plugins for Editor in 0.00 ms.
Mono: successfully reloaded assembly
- Completed reload, in  1.006 seconds
Domain Reload Profiling:
	ReloadAssembly (1007ms)
		BeginReloadAssembly (99ms)
			ExecutionOrderSort (0ms)
			DisableScriptedObjects (7ms)
			BackupInstance (0ms)
			ReleaseScriptingObjects (0ms)
			CreateAndSetChildDomain (22ms)
		EndReloadAssembly (808ms)
			LoadAssemblies (61ms)
			RebuildTransferFunctionScriptingTraits (0ms)
			SetupTypeCache (252ms)
			ReleaseScriptCaches (1ms)
			RebuildScriptCaches (59ms)
			SetupLoadedEditorAssemblies (367ms)
				LogAssemblyErrors (0ms)
				InitializePlatformSupportModulesInManaged (8ms)
				SetLoadedEditorAssemblies (1ms)
				RefreshPlugins (1ms)
				BeforeProcessingInitializeOnLoad (95ms)
				ProcessInitializeOnLoadAttributes (226ms)
				ProcessInitializeOnLoadMethodAttributes (32ms)
				AfterProcessingInitializeOnLoad (5ms)
				EditorAssembliesLoaded (0ms)
			ExecutionOrderSort2 (0ms)
			AwakeInstancesAfterBackupRestoration (6ms)
Platform modules already initialized, skipping
========================================================================
Worker process is ready to serve import requests
Launched and connected shader compiler UnityShaderCompiler.exe after 0.05 seconds
Refreshing native plugins compatible for Editor in 0.51 ms, found 3 plugins.
Preloading 0 native plugins for Editor in 0.00 ms.
Unloading 3374 Unused Serialized files (Serialized files now loaded: 0)
Unloading 27 unused Assets / (111.0 KB). Loaded Objects now: 3831.
Memory consumption went from 116.1 MB to 116.0 MB.
Total: 3.639800 ms (FindLiveObjects: 0.237500 ms CreateObjectMapping: 0.142000 ms MarkObjects: 3.152700 ms  DeleteObjects: 0.106600 ms)

AssetImportParameters requested are different than current active one (requested -> active):
  custom:video-decoder-ogg-theora: a1e56fd34408186e4bbccfd4996cb3dc -> 
  custom:container-muxer-webm: aa71ff27fc2769a1b78a27578f13a17b -> 
  custom:container-demuxer-webm: 4f35f7cbe854078d1ac9338744f61a02 -> 
  custom:video-encoder-webm-vp8: eb34c28f22e8b96e1ab97ce403110664 -> 
  custom:video-codec-MediaFoundation-h265: 746d11721c4dcdbdad8f713fa42b33f4 -> 
  custom:audio-encoder-webm-vorbis: bf7c407c2cedff20999df2af8eb42d56 -> 
  custom:framework-win-MediaFoundation: 216162199b28c13a410421893ffa2e32 -> 
  custom:container-demuxer-ogg: 62fdf1f143b41e24485cea50d1cbac27 -> 
  custom:video-decoder-webm-vp8: 9c59270c3fd7afecdb556c50c9e8de78 -> 
  custom:audio-decoder-ogg-vorbis: bf7c407c2cedff20999df2af8eb42d56 -> 
========================================================================
Received Import Request.
  Time since last request: 2306.677373 seconds.
  path: Assets/Prefabs/towers
  artifactKey: Guid(37b5fd636d9117e4ead46be51d4de630) Importer(815301076,1909f56bfc062723c751e8b465ee728b)
Start importing Assets/Prefabs/towers using Guid(37b5fd636d9117e4ead46be51d4de630) Importer(815301076,1909f56bfc062723c751e8b465ee728b)  -> (artifact id: '22547575822b1048d09903bb90cc4578') in 0.013309 seconds 
========================================================================
Received Import Request.
  Time since last request: 0.000033 seconds.
  path: Assets/Prefabs
  artifactKey: Guid(3502497d7695637459fae5f30ecf74a1) Importer(815301076,1909f56bfc062723c751e8b465ee728b)
Start importing Assets/Prefabs using Guid(3502497d7695637459fae5f30ecf74a1) Importer(815301076,1909f56bfc062723c751e8b465ee728b)  -> (artifact id: '9f133f053f4b733b7956215249c88b54') in 0.009610 seconds 
========================================================================
Received Import Request.
  Time since last request: 0.208618 seconds.
  path: Assets/Prefabs/towers/archers
  artifactKey: Guid(174b7415c3122ba4f9dc8b950426c012) Importer(815301076,1909f56bfc062723c751e8b465ee728b)
Start importing Assets/Prefabs/towers/archers using Guid(174b7415c3122ba4f9dc8b950426c012) Importer(815301076,1909f56bfc062723c751e8b465ee728b)  -> (artifact id: 'ca95193382e77b90f11cf666f28d6c2d') in 0.010616 seconds 
========================================================================
Received Import Request.
  Time since last request: 0.043543 seconds.
  path: Assets/Prefabs/towers/archers/1 level.prefab
  artifactKey: Guid(3ca4bf6f3f4f40048a0dd6525577e967) Importer(815301076,1909f56bfc062723c751e8b465ee728b)
Start importing Assets/Prefabs/towers/archers/1 level.prefab using Guid(3ca4bf6f3f4f40048a0dd6525577e967) Importer(815301076,1909f56bfc062723c751e8b465ee728b)  -> (artifact id: '9f3ebe6d95a1c135a4f9281132c708cc') in 0.129293 seconds 
========================================================================
Received Prepare
Registering precompiled user dll's ...
Registered in 0.004581 seconds.
Begin MonoManager ReloadAssembly
Symbol file LoadedFromMemory doesn't match image C:\Users\HP\Desktop\Учеба\summer\protect-castle\Library\PackageCache\com.unity.visualscripting@1.7.8\Editor\VisualScripting.Core\Dependencies\YamlDotNet\Unity.VisualScripting.YamlDotNet.dll
Symbol file LoadedFromMemory doesn't match image C:\Users\HP\Desktop\Учеба\summer\protect-castle\Library\PackageCache\com.unity.visualscripting@1.7.8\Editor\VisualScripting.Core\Dependencies\DotNetZip\Unity.VisualScripting.IonicZip.dll
Native extension for WindowsStandalone target not found
Native extension for WebGL target not found
Refreshing native plugins compatible for Editor in 0.51 ms, found 3 plugins.
Preloading 0 native plugins for Editor in 0.00 ms.
Mono: successfully reloaded assembly
- Completed reload, in  1.098 seconds
Domain Reload Profiling:
	ReloadAssembly (1098ms)
		BeginReloadAssembly (132ms)
			ExecutionOrderSort (0ms)
			DisableScriptedObjects (6ms)
			BackupInstance (0ms)
			ReleaseScriptingObjects (0ms)
			CreateAndSetChildDomain (43ms)
		EndReloadAssembly (865ms)
			LoadAssemblies (71ms)
			RebuildTransferFunctionScriptingTraits (0ms)
			SetupTypeCache (314ms)
			ReleaseScriptCaches (2ms)
			RebuildScriptCaches (52ms)
			SetupLoadedEditorAssemblies (372ms)
				LogAssemblyErrors (0ms)
				InitializePlatformSupportModulesInManaged (11ms)
				SetLoadedEditorAssemblies (0ms)
				RefreshPlugins (1ms)
				BeforeProcessingInitializeOnLoad (83ms)
				ProcessInitializeOnLoadAttributes (235ms)
				ProcessInitializeOnLoadMethodAttributes (36ms)
				AfterProcessingInitializeOnLoad (6ms)
				EditorAssembliesLoaded (0ms)
			ExecutionOrderSort2 (0ms)
			AwakeInstancesAfterBackupRestoration (6ms)
Platform modules already initialized, skipping
Refreshing native plugins compatible for Editor in 1.63 ms, found 3 plugins.
Preloading 0 native plugins for Editor in 0.00 ms.
Unloading 3369 Unused Serialized files (Serialized files now loaded: 0)
Unloading 20 unused Assets / (78.2 KB). Loaded Objects now: 3841.
Memory consumption went from 120.4 MB to 120.3 MB.
Total: 4.329700 ms (FindLiveObjects: 0.328800 ms CreateObjectMapping: 0.132700 ms MarkObjects: 3.789900 ms  DeleteObjects: 0.076900 ms)

AssetImportParameters requested are different than current active one (requested -> active):
  custom:video-decoder-ogg-theora: a1e56fd34408186e4bbccfd4996cb3dc -> 
  custom:container-muxer-webm: aa71ff27fc2769a1b78a27578f13a17b -> 
  custom:container-demuxer-webm: 4f35f7cbe854078d1ac9338744f61a02 -> 
  custom:video-encoder-webm-vp8: eb34c28f22e8b96e1ab97ce403110664 -> 
  custom:video-codec-MediaFoundation-h265: 746d11721c4dcdbdad8f713fa42b33f4 -> 
  custom:audio-encoder-webm-vorbis: bf7c407c2cedff20999df2af8eb42d56 -> 
  custom:framework-win-MediaFoundation: 216162199b28c13a410421893ffa2e32 -> 
  custom:container-demuxer-ogg: 62fdf1f143b41e24485cea50d1cbac27 -> 
  custom:video-decoder-webm-vp8: 9c59270c3fd7afecdb556c50c9e8de78 -> 
  custom:audio-decoder-ogg-vorbis: bf7c407c2cedff20999df2af8eb42d56 -> 
========================================================================
Received Import Request.
  Time since last request: 108.269422 seconds.
  path: Assets/Prefabs/lvl-0.obj
  artifactKey: Guid(e26d39e15d3358644959fcab5fe88fb7) Importer(815301076,1909f56bfc062723c751e8b465ee728b)
Start importing Assets/Prefabs/lvl-0.obj using Guid(e26d39e15d3358644959fcab5fe88fb7) Importer(815301076,1909f56bfc062723c751e8b465ee728b)  -> (artifact id: 'c4c337fc0dcd6c9fcd54eed3adb404d5') in 0.372731 seconds 
========================================================================
Received Import Request.
  Time since last request: 0.000049 seconds.
  path: Assets/Prefabs/lvl-3-Level-2-Map.vox.png
  artifactKey: Guid(cc0598ab83c404646971f441e1827809) Importer(815301076,1909f56bfc062723c751e8b465ee728b)
Start importing Assets/Prefabs/lvl-3-Level-2-Map.vox.png using Guid(cc0598ab83c404646971f441e1827809) Importer(815301076,1909f56bfc062723c751e8b465ee728b)  -> (artifact id: '673409a33d9425388c8ba1c3b10f8d6a') in 0.059215 seconds 
========================================================================
Received Import Request.
  Time since last request: 0.000092 seconds.
  path: Assets/Prefabs/lvl-3-Level-2-Map.vox.obj
  artifactKey: Guid(7893d64546c7f67468006f9853c6386e) Importer(815301076,1909f56bfc062723c751e8b465ee728b)
Start importing Assets/Prefabs/lvl-3-Level-2-Map.vox.obj using Guid(7893d64546c7f67468006f9853c6386e) Importer(815301076,1909f56bfc062723c751e8b465ee728b)  -> (artifact id: 'e933ae83e5e2138011f4cca2cb8c62fc') in 0.104370 seconds 
========================================================================
Received Import Request.
  Time since last request: 0.000048 seconds.
  path: Assets/Prefabs/lvl-2.png
  artifactKey: Guid(d7e796fbd6d4e6848a804fb69b124bf5) Importer(815301076,1909f56bfc062723c751e8b465ee728b)
Start importing Assets/Prefabs/lvl-2.png using Guid(d7e796fbd6d4e6848a804fb69b124bf5) Importer(815301076,1909f56bfc062723c751e8b465ee728b)  -> (artifact id: '1c3cf70ba1d5f7ebbd4f79b77f91cf56') in 0.015730 seconds 
========================================================================
Received Import Request.
  Time since last request: 85.174417 seconds.
  path: Assets/Prefabs/enemyes
  artifactKey: Guid(476f49fe29489704797fa988622ea18a) Importer(815301076,1909f56bfc062723c751e8b465ee728b)
Start importing Assets/Prefabs/enemyes using Guid(476f49fe29489704797fa988622ea18a) Importer(815301076,1909f56bfc062723c751e8b465ee728b)  -> (artifact id: '5d9236a68741bb4b5421e2ff7bac0e5b') in 0.018767 seconds 
========================================================================
Received Import Request.
  Time since last request: 17.989543 seconds.
  path: Assets/Prefabs/Location
  artifactKey: Guid(6884a967ec7ca5c44a56f92c739180db) Importer(815301076,1909f56bfc062723c751e8b465ee728b)
Start importing Assets/Prefabs/Location using Guid(6884a967ec7ca5c44a56f92c739180db) Importer(815301076,1909f56bfc062723c751e8b465ee728b)  -> (artifact id: '3f87c33256979a2ad3a47c00d7c0d6a1') in 0.014436 seconds 
========================================================================
Received Import Request.
  Time since last request: 13.229192 seconds.
  path: Assets/Prefabs/Location/lvl-0.obj
  artifactKey: Guid(e26d39e15d3358644959fcab5fe88fb7) Importer(815301076,1909f56bfc062723c751e8b465ee728b)
Start importing Assets/Prefabs/Location/lvl-0.obj using Guid(e26d39e15d3358644959fcab5fe88fb7) Importer(815301076,1909f56bfc062723c751e8b465ee728b)  -> (artifact id: 'e7eebc99f539ac193ecbe918f132ca9d') in 0.055327 seconds 
========================================================================
Received Import Request.
  Time since last request: 0.000027 seconds.
  path: Assets/Prefabs/Location/lvl-3-Level-2-Map.vox.obj
  artifactKey: Guid(7893d64546c7f67468006f9853c6386e) Importer(815301076,1909f56bfc062723c751e8b465ee728b)
Start importing Assets/Prefabs/Location/lvl-3-Level-2-Map.vox.obj using Guid(7893d64546c7f67468006f9853c6386e) Importer(815301076,1909f56bfc062723c751e8b465ee728b)  -> (artifact id: '084a34e6b76d7531a6426891e3e567ac') in 0.060179 seconds 
========================================================================
Received Import Request.
  Time since last request: 39.664471 seconds.
  path: Assets/Prefabs/towers/Cube.prefab
  artifactKey: Guid(6ca5f23f27ac5a34191e77d4f5694433) Importer(815301076,1909f56bfc062723c751e8b465ee728b)
Start importing Assets/Prefabs/towers/Cube.prefab using Guid(6ca5f23f27ac5a34191e77d4f5694433) Importer(815301076,1909f56bfc062723c751e8b465ee728b)  -> (artifact id: '8630b2d8c242772e721b091e2ceffe2e') in 0.032316 seconds 
========================================================================
Received Import Request.
  Time since last request: 1025.135216 seconds.
  path: Assets/Prefabs/Location/crist_tree.obj
  artifactKey: Guid(b66491e9f3f49794ebeb4662bec27f2d) Importer(815301076,1909f56bfc062723c751e8b465ee728b)
Start importing Assets/Prefabs/Location/crist_tree.obj using Guid(b66491e9f3f49794ebeb4662bec27f2d) Importer(815301076,1909f56bfc062723c751e8b465ee728b)  -> (artifact id: 'fac901da7c5c6245c8211c143c5739de') in 0.097954 seconds 
========================================================================
Received Import Request.
  Time since last request: 0.000071 seconds.
  path: Assets/Prefabs/Location/tree1.png
  artifactKey: Guid(e55cb8d04c9a8bf469aef3f9dd4494f3) Importer(815301076,1909f56bfc062723c751e8b465ee728b)
Start importing Assets/Prefabs/Location/tree1.png using Guid(e55cb8d04c9a8bf469aef3f9dd4494f3) Importer(815301076,1909f56bfc062723c751e8b465ee728b)  -> (artifact id: '863af78a73c424e641a01bc4128dec2d') in 0.030993 seconds 
========================================================================
Received Import Request.
  Time since last request: 0.000068 seconds.
  path: Assets/Prefabs/Location/tree2.obj
  artifactKey: Guid(4e7be877a9a41da4f8ec79040cab1ec5) Importer(815301076,1909f56bfc062723c751e8b465ee728b)
Start importing Assets/Prefabs/Location/tree2.obj using Guid(4e7be877a9a41da4f8ec79040cab1ec5) Importer(815301076,1909f56bfc062723c751e8b465ee728b)  -> (artifact id: '5acd1d7b302c8b39dcef5dffeb67ccdd') in 0.077070 seconds 
========================================================================
Received Import Request.
  Time since last request: 215.043832 seconds.
  path: Assets/Prefabs/Location/tree1.prefab
  artifactKey: Guid(ef810de18029c6142b6a745c5f5f36c4) Importer(815301076,1909f56bfc062723c751e8b465ee728b)
Start importing Assets/Prefabs/Location/tree1.prefab using Guid(ef810de18029c6142b6a745c5f5f36c4) Importer(815301076,1909f56bfc062723c751e8b465ee728b)  -> (artifact id: 'eb6af5957aa34065164eb540cea304e4') in 0.017592 seconds 
========================================================================
Received Import Request.
  Time since last request: 18.602939 seconds.
  path: Assets/Prefabs/Location/tree1.mtl
  artifactKey: Guid(adabb946c8c61b241b386102ea708377) Importer(815301076,1909f56bfc062723c751e8b465ee728b)
Start importing Assets/Prefabs/Location/tree1.mtl using Guid(adabb946c8c61b241b386102ea708377) Importer(815301076,1909f56bfc062723c751e8b465ee728b)  -> (artifact id: '2e905886df6f7f2a68e547c954f03aac') in 0.013073 seconds 
========================================================================
Received Import Request.
  Time since last request: 7.066220 seconds.
  path: Assets/Prefabs/Location/crist_tree.mtl
  artifactKey: Guid(684cf3dc6990bbe4bb84b2d72d2cb6b1) Importer(815301076,1909f56bfc062723c751e8b465ee728b)
Start importing Assets/Prefabs/Location/crist_tree.mtl using Guid(684cf3dc6990bbe4bb84b2d72d2cb6b1) Importer(815301076,1909f56bfc062723c751e8b465ee728b)  -> (artifact id: '024a3e2e97527953706ab110b744dc86') in 0.003202 seconds 
========================================================================
Received Import Request.
  Time since last request: 919.716291 seconds.
  path: Assets/Prefabs/enemyes/en1.obj
  artifactKey: Guid(0de3a2f24d528e9448deed3552e39fe4) Importer(815301076,1909f56bfc062723c751e8b465ee728b)
Start importing Assets/Prefabs/enemyes/en1.obj using Guid(0de3a2f24d528e9448deed3552e39fe4) Importer(815301076,1909f56bfc062723c751e8b465ee728b)  -> (artifact id: '3c87900d864fdd6ecec41617e3f0363f') in 0.061226 seconds 
========================================================================
Received Import Request.
  Time since last request: 0.000023 seconds.
  path: Assets/Prefabs/enemyes/en2.obj
  artifactKey: Guid(efa06a16972df524690525a94fa8e3d7) Importer(815301076,1909f56bfc062723c751e8b465ee728b)
Start importing Assets/Prefabs/enemyes/en2.obj using Guid(efa06a16972df524690525a94fa8e3d7) Importer(815301076,1909f56bfc062723c751e8b465ee728b)  -> (artifact id: '5f91688bd76eb7a809cf2952cbb38782') in 0.041825 seconds 
========================================================================
Received Import Request.
  Time since last request: 41.891967 seconds.
  path: Assets/Prefabs/enemyes/en1.obj
  artifactKey: Guid(0de3a2f24d528e9448deed3552e39fe4) Importer(815301076,1909f56bfc062723c751e8b465ee728b)
Start importing Assets/Prefabs/enemyes/en1.obj using Guid(0de3a2f24d528e9448deed3552e39fe4) Importer(815301076,1909f56bfc062723c751e8b465ee728b)  -> (artifact id: 'dd573f0bfebffb86fda9c88977238609') in 0.034587 seconds 
========================================================================
Received Prepare
Registering precompiled user dll's ...
Registered in 0.003505 seconds.
Begin MonoManager ReloadAssembly
Symbol file LoadedFromMemory doesn't match image C:\Users\HP\Desktop\Учеба\summer\protect-castle\Library\PackageCache\com.unity.visualscripting@1.7.8\Editor\VisualScripting.Core\Dependencies\YamlDotNet\Unity.VisualScripting.YamlDotNet.dll
Symbol file LoadedFromMemory doesn't match image C:\Users\HP\Desktop\Учеба\summer\protect-castle\Library\PackageCache\com.unity.visualscripting@1.7.8\Editor\VisualScripting.Core\Dependencies\DotNetZip\Unity.VisualScripting.IonicZip.dll
Native extension for WindowsStandalone target not found
Native extension for WebGL target not found
Refreshing native plugins compatible for Editor in 0.53 ms, found 3 plugins.
Preloading 0 native plugins for Editor in 0.00 ms.
Mono: successfully reloaded assembly
- Completed reload, in  1.088 seconds
Domain Reload Profiling:
	ReloadAssembly (1089ms)
		BeginReloadAssembly (139ms)
			ExecutionOrderSort (0ms)
			DisableScriptedObjects (4ms)
			BackupInstance (0ms)
			ReleaseScriptingObjects (0ms)
			CreateAndSetChildDomain (45ms)
		EndReloadAssembly (843ms)
			LoadAssemblies (78ms)
			RebuildTransferFunctionScriptingTraits (0ms)
			SetupTypeCache (296ms)
			ReleaseScriptCaches (1ms)
			RebuildScriptCaches (66ms)
			SetupLoadedEditorAssemblies (334ms)
				LogAssemblyErrors (0ms)
				InitializePlatformSupportModulesInManaged (17ms)
				SetLoadedEditorAssemblies (1ms)
				RefreshPlugins (1ms)
				BeforeProcessingInitializeOnLoad (71ms)
				ProcessInitializeOnLoadAttributes (210ms)
				ProcessInitializeOnLoadMethodAttributes (29ms)
				AfterProcessingInitializeOnLoad (6ms)
				EditorAssembliesLoaded (0ms)
			ExecutionOrderSort2 (0ms)
			AwakeInstancesAfterBackupRestoration (9ms)
Platform modules already initialized, skipping
Refreshing native plugins compatible for Editor in 1.33 ms, found 3 plugins.
Preloading 0 native plugins for Editor in 0.00 ms.
Unloading 3369 Unused Serialized files (Serialized files now loaded: 0)
Unloading 20 unused Assets / (78.1 KB). Loaded Objects now: 3883.
Memory consumption went from 121.0 MB to 120.9 MB.
Total: 4.166400 ms (FindLiveObjects: 0.383000 ms CreateObjectMapping: 0.119000 ms MarkObjects: 3.531200 ms  DeleteObjects: 0.131200 ms)

AssetImportParameters requested are different than current active one (requested -> active):
  custom:video-decoder-ogg-theora: a1e56fd34408186e4bbccfd4996cb3dc -> 
  custom:container-muxer-webm: aa71ff27fc2769a1b78a27578f13a17b -> 
  custom:container-demuxer-webm: 4f35f7cbe854078d1ac9338744f61a02 -> 
  custom:video-encoder-webm-vp8: eb34c28f22e8b96e1ab97ce403110664 -> 
  custom:video-codec-MediaFoundation-h265: 746d11721c4dcdbdad8f713fa42b33f4 -> 
  custom:audio-encoder-webm-vorbis: bf7c407c2cedff20999df2af8eb42d56 -> 
  custom:framework-win-MediaFoundation: 216162199b28c13a410421893ffa2e32 -> 
  custom:container-demuxer-ogg: 62fdf1f143b41e24485cea50d1cbac27 -> 
  custom:video-decoder-webm-vp8: 9c59270c3fd7afecdb556c50c9e8de78 -> 
  custom:audio-decoder-ogg-vorbis: bf7c407c2cedff20999df2af8eb42d56 -> 
